<?xml version="1.0" encoding="UTF-8"?>
<testng-results ignored="0" total="4" passed="2" failed="2" skipped="0">
  <reporter-output>
  </reporter-output>
  <suite started-at="2022-12-07T09:18:13 IST" name="Default suite" finished-at="2022-12-07T09:19:56 IST" duration-ms="102930">
    <groups>
    </groups>
    <test started-at="2022-12-07T09:18:13 IST" name="Default test" finished-at="2022-12-07T09:19:56 IST" duration-ms="102930">
      <class name="PageTestCases.LogInPageTest">
        <test-method is-config="true" signature="reportsetup()[pri:0, instance:PageTestCases.LogInPageTest@607fbe09]" started-at="2022-12-07T09:18:13 IST" name="reportsetup" finished-at="2022-12-07T09:18:13 IST" duration-ms="219" status="PASS">
          <reporter-output>
          </reporter-output>
        </test-method> <!-- reportsetup -->
        <test-method is-config="true" signature="beforeMethod()[pri:0, instance:PageTestCases.LogInPageTest@607fbe09]" started-at="2022-12-07T09:18:13 IST" name="beforeMethod" finished-at="2022-12-07T09:18:40 IST" duration-ms="27079" status="PASS">
          <reporter-output>
          </reporter-output>
        </test-method> <!-- beforeMethod -->
        <test-method signature="VerifyLoginPageTitle1()[pri:0, instance:PageTestCases.LogInPageTest@607fbe09]" started-at="2022-12-07T09:18:40 IST" name="VerifyLoginPageTitle1" finished-at="2022-12-07T09:18:40 IST" duration-ms="33" status="PASS">
          <reporter-output>
          </reporter-output>
        </test-method> <!-- VerifyLoginPageTitle1 -->
        <test-method is-config="true" signature="afterMethod()[pri:0, instance:PageTestCases.LogInPageTest@607fbe09]" started-at="2022-12-07T09:18:40 IST" name="afterMethod" finished-at="2022-12-07T09:18:41 IST" duration-ms="995" status="PASS">
          <reporter-output>
          </reporter-output>
        </test-method> <!-- afterMethod -->
        <test-method is-config="true" signature="beforeMethod()[pri:0, instance:PageTestCases.LogInPageTest@607fbe09]" started-at="2022-12-07T09:18:41 IST" name="beforeMethod" finished-at="2022-12-07T09:19:01 IST" duration-ms="19759" status="PASS">
          <reporter-output>
          </reporter-output>
        </test-method> <!-- beforeMethod -->
        <test-method signature="VerifyLoginPageTitle2()[pri:0, instance:PageTestCases.LogInPageTest@607fbe09]" started-at="2022-12-07T09:19:01 IST" name="VerifyLoginPageTitle2" finished-at="2022-12-07T09:19:01 IST" duration-ms="12" status="PASS">
          <reporter-output>
          </reporter-output>
        </test-method> <!-- VerifyLoginPageTitle2 -->
        <test-method is-config="true" signature="afterMethod()[pri:0, instance:PageTestCases.LogInPageTest@607fbe09]" started-at="2022-12-07T09:19:01 IST" name="afterMethod" finished-at="2022-12-07T09:19:02 IST" duration-ms="471" status="PASS">
          <reporter-output>
          </reporter-output>
        </test-method> <!-- afterMethod -->
        <test-method is-config="true" signature="beforeMethod()[pri:0, instance:PageTestCases.LogInPageTest@607fbe09]" started-at="2022-12-07T09:19:02 IST" name="beforeMethod" finished-at="2022-12-07T09:19:28 IST" duration-ms="25995" status="PASS">
          <reporter-output>
          </reporter-output>
        </test-method> <!-- beforeMethod -->
        <test-method signature="VerifyLoginPageTitle3()[pri:0, instance:PageTestCases.LogInPageTest@607fbe09]" started-at="2022-12-07T09:19:28 IST" name="VerifyLoginPageTitle3" finished-at="2022-12-07T09:19:28 IST" duration-ms="10" status="FAIL">
          <exception class="java.lang.AssertionError">
            <message>
              <![CDATA[expected [GTPL Bank Home Page1] but found [GTPL Bank Home Page]]]>
            </message>
            <full-stacktrace>
              <![CDATA[java.lang.AssertionError: expected [GTPL Bank Home Page1] but found [GTPL Bank Home Page]
at org.testng.Assert.fail(Assert.java:99)
at org.testng.Assert.failNotEquals(Assert.java:1037)
at org.testng.Assert.assertEqualsImpl(Assert.java:140)
at org.testng.Assert.assertEquals(Assert.java:122)
at org.testng.Assert.assertEquals(Assert.java:629)
at org.testng.Assert.assertEquals(Assert.java:639)
at PageTestCases.LogInPageTest.VerifyLoginPageTitle3(LogInPageTest.java:73)
at java.base/jdk.internal.reflect.DirectMethodHandleAccessor.invoke(DirectMethodHandleAccessor.java:104)
at java.base/java.lang.reflect.Method.invoke(Method.java:577)
at org.testng.internal.MethodInvocationHelper.invokeMethod(MethodInvocationHelper.java:133)
at org.testng.internal.TestInvoker.invokeMethod(TestInvoker.java:598)
at org.testng.internal.TestInvoker.invokeTestMethod(TestInvoker.java:173)
at org.testng.internal.MethodRunner.runInSequence(MethodRunner.java:46)
at org.testng.internal.TestInvoker$MethodInvocationAgent.invoke(TestInvoker.java:824)
at org.testng.internal.TestInvoker.invokeTestMethods(TestInvoker.java:146)
at org.testng.internal.TestMethodWorker.invokeTestMethods(TestMethodWorker.java:146)
at org.testng.internal.TestMethodWorker.run(TestMethodWorker.java:128)
at java.base/java.util.ArrayList.forEach(ArrayList.java:1511)
at org.testng.TestRunner.privateRun(TestRunner.java:794)
at org.testng.TestRunner.run(TestRunner.java:596)
at org.testng.SuiteRunner.runTest(SuiteRunner.java:377)
at org.testng.SuiteRunner.runSequentially(SuiteRunner.java:371)
at org.testng.SuiteRunner.privateRun(SuiteRunner.java:332)
at org.testng.SuiteRunner.run(SuiteRunner.java:276)
at org.testng.SuiteRunnerWorker.runSuite(SuiteRunnerWorker.java:53)
at org.testng.SuiteRunnerWorker.run(SuiteRunnerWorker.java:96)
at org.testng.TestNG.runSuitesSequentially(TestNG.java:1212)
at org.testng.TestNG.runSuitesLocally(TestNG.java:1134)
at org.testng.TestNG.runSuites(TestNG.java:1063)
at org.testng.TestNG.run(TestNG.java:1031)
at org.testng.remote.AbstractRemoteTestNG.run(AbstractRemoteTestNG.java:115)
at org.testng.remote.RemoteTestNG.initAndRun(RemoteTestNG.java:251)
at org.testng.remote.RemoteTestNG.main(RemoteTestNG.java:77)
]]>
            </full-stacktrace>
          </exception> <!-- java.lang.AssertionError -->
          <reporter-output>
          </reporter-output>
        </test-method> <!-- VerifyLoginPageTitle3 -->
        <test-method is-config="true" signature="afterMethod()[pri:0, instance:PageTestCases.LogInPageTest@607fbe09]" started-at="2022-12-07T09:19:28 IST" name="afterMethod" finished-at="2022-12-07T09:19:29 IST" duration-ms="1315" status="PASS">
          <reporter-output>
          </reporter-output>
        </test-method> <!-- afterMethod -->
        <test-method is-config="true" signature="beforeMethod()[pri:0, instance:PageTestCases.LogInPageTest@607fbe09]" started-at="2022-12-07T09:19:29 IST" name="beforeMethod" finished-at="2022-12-07T09:19:55 IST" duration-ms="26008" status="PASS">
          <reporter-output>
          </reporter-output>
        </test-method> <!-- beforeMethod -->
        <test-method signature="VerifyLoginPageTitle4()[pri:0, instance:PageTestCases.LogInPageTest@607fbe09]" started-at="2022-12-07T09:19:55 IST" name="VerifyLoginPageTitle4" finished-at="2022-12-07T09:19:55 IST" duration-ms="12" status="FAIL">
          <exception class="java.lang.AssertionError">
            <message>
              <![CDATA[expected [GTPL Bank Home Page1] but found [GTPL Bank Home Page]]]>
            </message>
            <full-stacktrace>
              <![CDATA[java.lang.AssertionError: expected [GTPL Bank Home Page1] but found [GTPL Bank Home Page]
at org.testng.Assert.fail(Assert.java:99)
at org.testng.Assert.failNotEquals(Assert.java:1037)
at org.testng.Assert.assertEqualsImpl(Assert.java:140)
at org.testng.Assert.assertEquals(Assert.java:122)
at org.testng.Assert.assertEquals(Assert.java:629)
at org.testng.Assert.assertEquals(Assert.java:639)
at PageTestCases.LogInPageTest.VerifyLoginPageTitle4(LogInPageTest.java:84)
at java.base/jdk.internal.reflect.DirectMethodHandleAccessor.invoke(DirectMethodHandleAccessor.java:104)
at java.base/java.lang.reflect.Method.invoke(Method.java:577)
at org.testng.internal.MethodInvocationHelper.invokeMethod(MethodInvocationHelper.java:133)
at org.testng.internal.TestInvoker.invokeMethod(TestInvoker.java:598)
at org.testng.internal.TestInvoker.invokeTestMethod(TestInvoker.java:173)
at org.testng.internal.MethodRunner.runInSequence(MethodRunner.java:46)
at org.testng.internal.TestInvoker$MethodInvocationAgent.invoke(TestInvoker.java:824)
at org.testng.internal.TestInvoker.invokeTestMethods(TestInvoker.java:146)
at org.testng.internal.TestMethodWorker.invokeTestMethods(TestMethodWorker.java:146)
at org.testng.internal.TestMethodWorker.run(TestMethodWorker.java:128)
at java.base/java.util.ArrayList.forEach(ArrayList.java:1511)
at org.testng.TestRunner.privateRun(TestRunner.java:794)
at org.testng.TestRunner.run(TestRunner.java:596)
at org.testng.SuiteRunner.runTest(SuiteRunner.java:377)
at org.testng.SuiteRunner.runSequentially(SuiteRunner.java:371)
at org.testng.SuiteRunner.privateRun(SuiteRunner.java:332)
at org.testng.SuiteRunner.run(SuiteRunner.java:276)
at org.testng.SuiteRunnerWorker.runSuite(SuiteRunnerWorker.java:53)
at org.testng.SuiteRunnerWorker.run(SuiteRunnerWorker.java:96)
at org.testng.TestNG.runSuitesSequentially(TestNG.java:1212)
at org.testng.TestNG.runSuitesLocally(TestNG.java:1134)
at org.testng.TestNG.runSuites(TestNG.java:1063)
at org.testng.TestNG.run(TestNG.java:1031)
at org.testng.remote.AbstractRemoteTestNG.run(AbstractRemoteTestNG.java:115)
at org.testng.remote.RemoteTestNG.initAndRun(RemoteTestNG.java:251)
at org.testng.remote.RemoteTestNG.main(RemoteTestNG.java:77)
]]>
            </full-stacktrace>
          </exception> <!-- java.lang.AssertionError -->
          <reporter-output>
          </reporter-output>
        </test-method> <!-- VerifyLoginPageTitle4 -->
        <test-method is-config="true" signature="afterMethod()[pri:0, instance:PageTestCases.LogInPageTest@607fbe09]" started-at="2022-12-07T09:19:55 IST" name="afterMethod" finished-at="2022-12-07T09:19:56 IST" duration-ms="468" status="PASS">
          <reporter-output>
          </reporter-output>
        </test-method> <!-- afterMethod -->
        <test-method is-config="true" signature="flushreport()[pri:0, instance:PageTestCases.LogInPageTest@607fbe09]" started-at="2022-12-07T09:19:56 IST" name="flushreport" finished-at="2022-12-07T09:19:56 IST" duration-ms="513" status="PASS">
          <reporter-output>
          </reporter-output>
        </test-method> <!-- flushreport -->
      </class> <!-- PageTestCases.LogInPageTest -->
    </test> <!-- Default test -->
  </suite> <!-- Default suite -->
</testng-results>
